\BOOKMARK [0][-]{chapter.1}{Introdu\347\343o}{}% 1
\BOOKMARK [1][-]{section.1.1}{ Objetivos }{chapter.1}% 2
\BOOKMARK [1][-]{section.1.2}{Contexto}{chapter.1}% 3
\BOOKMARK [1][-]{section.1.3}{Plano de trabalhos}{chapter.1}% 4
\BOOKMARK [1][-]{section.1.4}{Estrutura do documento}{chapter.1}% 5
\BOOKMARK [0][-]{chapter.2}{Processo de Reengenharia}{}% 6
\BOOKMARK [1][-]{section.2.1}{Sistemas AS-IS}{chapter.2}% 7
\BOOKMARK [2][-]{subsection.2.1.1}{Descri\347\343o da Arquitetura/tecnologias utilizadas}{section.2.1}% 8
\BOOKMARK [2][-]{subsection.2.1.2}{Identifica\347\343o das lacunas/melhorias a realizar}{section.2.1}% 9
\BOOKMARK [1][-]{section.2.2}{Sistemas TO-BE}{chapter.2}% 10
\BOOKMARK [2][-]{subsection.2.2.1}{Requisitos Funcionais}{section.2.2}% 11
\BOOKMARK [2][-]{subsection.2.2.2}{Requisitos t\351cnicos e restri\347\365es ao desenvolvimento}{section.2.2}% 12
\BOOKMARK [1][-]{section.2.3}{Figuras}{chapter.2}% 13
\BOOKMARK [0][-]{chapter.3}{Desenvolvimento da aplica\347\343o}{}% 14
\BOOKMARK [1][-]{section.3.1}{Arquitetura t\351cnica}{chapter.3}% 15
\BOOKMARK [1][-]{section.3.2}{Sub-capitulo 2}{chapter.3}% 16
\BOOKMARK [0][-]{chapter.4}{An\341lise dos Resultados}{}% 17
\BOOKMARK [1][-]{section.4.1}{Sub-capitulo 1}{chapter.4}% 18
\BOOKMARK [1][-]{section.4.2}{Sub-capitulo 2}{chapter.4}% 19
\BOOKMARK [0][-]{chapter.5}{Conclus\343o Final}{}% 20
\BOOKMARK [1][-]{section.5.1}{Sub-capitulo 1}{chapter.5}% 21
\BOOKMARK [1][-]{section.5.2}{Sub-capitulo 2}{chapter.5}% 22
